<?xml version="1.0" encoding="UTF-8"?>
<testsuite xmlns:xsi="http://www.w3.org/2001/XMLSchema-instance" xsi:noNamespaceSchemaLocation="https://maven.apache.org/surefire/maven-surefire-plugin/xsd/surefire-test-report-3.0.xsd" version="3.0" name="TestSuite" time="268.096" tests="3" errors="0" skipped="0" failures="0">
  <properties>
[...]
</properties>
  <testcase name="runScenario[&quot;Extract all languages and levels from Language Learning category&quot;, &quot;Language Learning - Extract Languages and Levels&quot;](1)" classname="runners.TestRunner" time="77.457">
    <system-out><![CDATA[
@LanguageLearning @Smoke @LanguageLearning
Scenario: Extract all languages and levels from Language Learning category        # src/test/resources/features/LanguageLearning.feature:13

@EnterpriseForm @Smoke @EnterpriseForm
Scenario: Verify email validation error on business contact form  # src/test/resources/features/EnterpriseForm.feature:21

@CourseSearch @Smoke @CourseSearch
Scenario: Search web development courses for beginners in English and save to Excel # src/test/resources/features/CourseSearch.feature:16
  Given the user navigates to the Language Learning category                      # stepdefinitions.LanguageLearningSteps.theUserNavigatesToLanguageLearning()
  When the user opens the language filter dropdown                                # stepdefinitions.LanguageLearningSteps.theUserOpensLanguageFilterDropdown()

===== LANGUAGES EXTRACTED =====
  English                   → 9690 courses
  Spanish                   → 4330 courses
  Kazakh                    → 4293 courses
  French                    → 4229 courses
  Arabic                    → 4133 courses
  German                    → 4113 courses
  Portuguese                → 3005 courses
  Indonesian                → 2958 courses
  Chinese                   → 2797 courses
  Hungarian                 → 2684 courses
  Russian                   → 2660 courses
  Japanese                  → 2656 courses
  Korean                    → 2639 courses
  Hindi                     → 2564 courses
  Italian                   → 2555 courses
  Turkish                   → 2509 courses
  Thai                      → 2474 courses
  Ukrainian                 → 2455 courses
  Dutch                     → 2443 courses
  Greek                     → 2441 courses
  Polish                    → 2441 courses
  Swedish                   → 2422 courses
  Uzbek                     → 1925 courses
  Pushto                    → 1806 courses
  Vietnamese                → 1806 courses
  Azerbaijani               → 1593 courses
  Urdu                      → 1351 courses
  Bengali                   → 1343 courses
  Oriya                     → 233 courses
  Malay                     → 189 courses
  Haitian (Haitian Creole)  → 90 courses
  Persian                   → 62 courses
  Khmer                     → 37 courses
  Romanian                  → 31 courses
  Hebrew                    → 29 courses
  Serbian                   → 23 courses
  Afrikaans                 → 19 courses
  Javanese                  → 17 courses
  Finnish                   → 16 courses
  Tamil                     → 15 courses
  Catalan                   → 13 courses
  Slovak                    → 10 courses
  Czech                     → 9 courses
  Estonian                  → 9 courses
  Mongolian                 → 8 courses
  Albanian                  → 5 courses
  Georgian                  → 5 courses
  Telugu                    → 5 courses
  Croatian                  → 4 courses
  Bulgarian                 → 3 courses
  Lithuanian                → 3 courses
  Burmese                   → 2 courses
  Latvian                   → 2 courses
  Marathi                   → 2 courses
  Nepali                    → 2 courses
  Danish                    → 1 courses
  Kinyarwanda               → 1 courses
  Macedonian                → 1 courses
  Malayalam                 → 1 courses
  Slovenian                 → 1 courses
  Swahili                   → 1 courses
  Tagalog                   → 1 courses
================================
  Then all available languages with their counts should be captured and displayed # stepdefinitions.LanguageLearningSteps.allLanguagesShouldBeCaptured()
  Given the user is on the Coursera home page                                       # stepdefinitions.CourseSearchSteps.theUserIsOnCourseraHomePage()
  When the user opens the level filter dropdown                                   # stepdefinitions.LanguageLearningSteps.theUserOpensLevelFilterDropdown()

===== LEVELS EXTRACTED =====
  Beginner                  → 4704 courses
  Intermediate              → 4248 courses
  Advanced                  → 449 courses
  Mixed                     → 935 courses
============================
  Then all available levels with their counts should be captured and displayed    # stepdefinitions.LanguageLearningSteps.allLevelsShouldBeCaptured()
  And the language list should contain at least 5 languages                       # stepdefinitions.LanguageLearningSteps.languageListShouldHaveAtLeast(int)
  And the level list should contain at least 2 levels                             # stepdefinitions.LanguageLearningSteps.levelListShouldHaveAtLeast(int)
]]></system-out>
    <system-err><![CDATA[SLF4J(W): No SLF4J providers were found.
SLF4J(W): Defaulting to no-operation (NOP) logger implementation
SLF4J(W): See https://www.slf4j.org/codes.html#noProviders for further details.
May 18, 2026 2:26:17 PM org.openqa.selenium.devtools.CdpVersionFinder findNearestMatch
WARNING: Unable to find CDP implementation matching 146
May 18, 2026 2:26:17 PM org.openqa.selenium.devtools.CdpVersionFinder findNearestMatch
WARNING: Unable to find CDP implementation matching 146
May 18, 2026 2:26:17 PM org.openqa.selenium.devtools.CdpVersionFinder findNearestMatch
WARNING: Unable to find CDP implementation matching 146
May 18, 2026 2:26:17 PM org.openqa.selenium.chromium.ChromiumDriver lambda$new$5
WARNING: Unable to find version of CDP to use for 146.0.7680.178. You may need to include a dependency on a specific version of the CDP using something similar to `org.seleniumhq.selenium:selenium-devtools-v86:4.18.1` where the version ("v86") matches the version of the chromium-based browser you're using and the version number of the artifact is the same as Selenium's.
May 18, 2026 2:26:17 PM org.openqa.selenium.chromium.ChromiumDriver lambda$new$5
WARNING: Unable to find version of CDP to use for 146.0.7680.178. You may need to include a dependency on a specific version of the CDP using something similar to `org.seleniumhq.selenium:selenium-devtools-v86:4.18.1` where the version ("v86") matches the version of the chromium-based browser you're using and the version number of the artifact is the same as Selenium's.
May 18, 2026 2:26:17 PM org.openqa.selenium.chromium.ChromiumDriver lambda$new$5
WARNING: Unable to find version of CDP to use for 146.0.7680.178. You may need to include a dependency on a specific version of the CDP using something similar to `org.seleniumhq.selenium:selenium-devtools-v86:4.18.1` where the version ("v86") matches the version of the chromium-based browser you're using and the version number of the artifact is the same as Selenium's.
]]></system-err>
  </testcase>
  <testcase name="runScenario[&quot;Verify email validation error on business contact form&quot;, &quot;Business Contact Form - Invalid Email Validation&quot;](2)" classname="runners.TestRunner" time="155.975">
    <system-out><![CDATA[  Given the user navigates to the Coursera For Business page      # stepdefinitions.EnterpriseFormSteps.theUserNavigatesToForBusiness()
  When the user clicks on Contact Sales                           # stepdefinitions.EnterpriseFormSteps.theUserClicksContactSales()
  When the user searches for "web development courses for beginners"                # stepdefinitions.CourseSearchSteps.theUserSearchesFor(java.lang.String)
  Then the search results page should be displayed                                  # stepdefinitions.CourseSearchSteps.theSearchResultsPageShouldBeDisplayed()
  And the user fills the contact form with the following details: # stepdefinitions.EnterpriseFormSteps.theUserFillsContactForm(io.cucumber.datatable.DataTable)
    | firstName | lastName | email                | phone      |
    | Srijita   | Baksi    | srijitacogniznat.com | 9775985472 |
  Then an email validation error message should be displayed      # stepdefinitions.EnterpriseFormSteps.anEmailValidationErrorShouldBeDisplayed()
  And the error message should contain "valid email"              # stepdefinitions.EnterpriseFormSteps.theErrorMessageShouldContain(java.lang.String)
]]></system-out>
  </testcase>
  <testcase name="runScenario[&quot;Search web development courses for beginners in English and save to Excel&quot;, &quot;Course Search - Web Development Courses&quot;](3)" classname="runners.TestRunner" time="265.815">
    <system-out><![CDATA[  When the user applies the language filter "English"                               # stepdefinitions.CourseSearchSteps.theUserAppliesLanguageFilter(java.lang.String)
  And the user applies the level filter "Beginner"                                  # stepdefinitions.CourseSearchSteps.theUserAppliesLevelFilter(java.lang.String)
  Then the user extracts the first 5 courses with name, hours and rating            # stepdefinitions.CourseSearchSteps.theUserExtractsFirstNCourses(int)
  And the course data is saved to an Excel file                                     # stepdefinitions.CourseSearchSteps.theCourseDataIsSavedToExcel()
  And the first course name should not be empty                                     # stepdefinitions.CourseSearchSteps.theFirstCourseNameShouldNotBeEmpty()
]]></system-out>
  </testcase>
</testsuite>