<?xml version="1.0" encoding="UTF-8"?>
<testng-results ignored="0" total="3" passed="3" failed="0" skipped="0">
  <reporter-output>
  </reporter-output>
  <suite started-at="2026-05-25T15:59:50 IST" name="CourseraAutomationSuite" finished-at="2026-05-25T16:02:01 IST" duration-ms="131557">
    <groups>
      <group name="cucumber">
        <method signature="AbstractTestNGCucumberTests.runScenario(io.cucumber.testng.PickleWrapper,io.cucumber.testng.FeatureWrapper)[pri:0, instance:com.hackathonProject.runners.TestRunner@f0c8a99]" name="runScenario" class="io.cucumber.testng.AbstractTestNGCucumberTests"/>
      </group> <!-- cucumber -->
    </groups>
    <test started-at="2026-05-25T15:59:50 IST" name="CourseraTests" finished-at="2026-05-25T16:02:01 IST" duration-ms="131557">
      <class name="com.hackathonProject.runners.TestRunner">
        <test-method is-config="true" signature="setUpClass(org.testng.ITestContext)[pri:0, instance:com.hackathonProject.runners.TestRunner@f0c8a99]" started-at="2026-05-25T15:59:50 IST" name="setUpClass" finished-at="2026-05-25T15:59:51 IST" duration-ms="1592" status="PASS">
          <params>
            <param index="0">
              <value>
                <![CDATA[org.testng.TestRunner@1f9e9475]]>
              </value>
            </param>
          </params>
          <reporter-output>
          </reporter-output>
        </test-method> <!-- setUpClass -->
        <test-method signature="runScenario(io.cucumber.testng.PickleWrapper,io.cucumber.testng.FeatureWrapper)[pri:0, instance:com.hackathonProject.runners.TestRunner@f0c8a99]" started-at="2026-05-25T15:59:51 IST" name="runScenario" description="Runs Cucumber Scenarios" data-provider="scenarios" finished-at="2026-05-25T16:01:09 IST" duration-ms="77934" status="PASS">
          <params>
            <param index="0">
              <value>
                <![CDATA["Extract all languages and levels from Language Learning category"]]>
              </value>
            </param>
            <param index="1">
              <value>
                <![CDATA["Language Learning - Extract Languages and Levels"]]>
              </value>
            </param>
          </params>
          <reporter-output>
          </reporter-output>
        </test-method> <!-- runScenario -->
        <test-method signature="runScenario(io.cucumber.testng.PickleWrapper,io.cucumber.testng.FeatureWrapper)[pri:0, instance:com.hackathonProject.runners.TestRunner@f0c8a99]" started-at="2026-05-25T15:59:51 IST" name="runScenario" description="Runs Cucumber Scenarios" data-provider="scenarios" finished-at="2026-05-25T16:00:47 IST" duration-ms="55877" status="PASS">
          <params>
            <param index="0">
              <value>
                <![CDATA["Verify email validation error on business contact form"]]>
              </value>
            </param>
            <param index="1">
              <value>
                <![CDATA["Business Contact Form - Invalid Email Validation"]]>
              </value>
            </param>
          </params>
          <reporter-output>
          </reporter-output>
        </test-method> <!-- runScenario -->
        <test-method signature="runScenario(io.cucumber.testng.PickleWrapper,io.cucumber.testng.FeatureWrapper)[pri:0, instance:com.hackathonProject.runners.TestRunner@f0c8a99]" started-at="2026-05-25T15:59:51 IST" name="runScenario" description="Runs Cucumber Scenarios" data-provider="scenarios" finished-at="2026-05-25T16:02:01 IST" duration-ms="129300" status="PASS">
          <params>
            <param index="0">
              <value>
                <![CDATA["Search web development courses for beginners in English and save to Excel"]]>
              </value>
            </param>
            <param index="1">
              <value>
                <![CDATA["Course Search - Web Development Courses"]]>
              </value>
            </param>
          </params>
          <reporter-output>
          </reporter-output>
        </test-method> <!-- runScenario -->
        <test-method is-config="true" signature="tearDownClass()[pri:0, instance:com.hackathonProject.runners.TestRunner@f0c8a99]" started-at="2026-05-25T16:02:01 IST" name="tearDownClass" finished-at="2026-05-25T16:02:01 IST" duration-ms="610" status="PASS">
          <reporter-output>
          </reporter-output>
        </test-method> <!-- tearDownClass -->
      </class> <!-- com.hackathonProject.runners.TestRunner -->
    </test> <!-- CourseraTests -->
  </suite> <!-- CourseraAutomationSuite -->
</testng-results>
