<?xml version="1.0" encoding="UTF-8"?>
<testsuite xmlns:xsi="http://www.w3.org/2001/XMLSchema-instance" xsi:noNamespaceSchemaLocation="https://maven.apache.org/surefire/maven-surefire-plugin/xsd/surefire-test-report-3.0.xsd" version="3.0" name="TestSuite" time="132.393" tests="3" errors="0" skipped="0" failures="0">
  <properties>
[...]
</properties>
  <testcase name="runScenario[&quot;Verify email validation error on business contact form&quot;, &quot;Business Contact Form - Invalid Email Validation&quot;](1)" classname="com.hackathonProject.runners.TestRunner" time="55.88">
    <system-out><![CDATA[
@LanguageLearning @Smoke @LanguageLearning
Scenario: Extract all languages and levels from Language Learning category        # src/test/resources/features/LanguageLearning.feature:13
15:59:52.034 [TestNG-PoolService-3] INFO  com.hackathonProject.listeners.CucumberListener - ▶ SCENARIO STARTED: [Extract all languages and levels from Language Learning category] in [file:///C:/Users/2485865/Downloads/HackathonProject/CourseraAutomation/src/test/resources/features/LanguageLearning.feature]

@EnterpriseForm @Smoke @EnterpriseForm
Scenario: Verify email validation error on business contact form  # src/test/resources/features/EnterpriseForm.feature:21
15:59:52.069 [TestNG-PoolService-2] INFO  com.hackathonProject.listeners.CucumberListener - ▶ SCENARIO STARTED: [Verify email validation error on business contact form] in [file:///C:/Users/2485865/Downloads/HackathonProject/CourseraAutomation/src/test/resources/features/EnterpriseForm.feature]

@CourseSearch @Smoke @CourseSearch
Scenario: Search web development courses for beginners in English and save to Excel # src/test/resources/features/CourseSearch.feature:16
15:59:52.078 [TestNG-PoolService-1] INFO  com.hackathonProject.listeners.CucumberListener - ▶ SCENARIO STARTED: [Search web development courses for beginners in English and save to Excel] in [file:///C:/Users/2485865/Downloads/HackathonProject/CourseraAutomation/src/test/resources/features/CourseSearch.feature]
15:59:52.085 [TestNG-PoolService-3] INFO  com.hackathonProject.hooks.CucumberHooks - ====== SCENARIO STARTED: Extract all languages and levels from Language Learning category ======
15:59:52.085 [TestNG-PoolService-2] INFO  com.hackathonProject.hooks.CucumberHooks - ====== SCENARIO STARTED: Verify email validation error on business contact form ======
15:59:52.085 [TestNG-PoolService-1] INFO  com.hackathonProject.hooks.CucumberHooks - ====== SCENARIO STARTED: Search web development courses for beginners in English and save to Excel ======
15:59:52.086 [TestNG-PoolService-1] INFO  com.hackathonProject.hooks.CucumberHooks - Tags: [@CourseSearch, @Smoke, @CourseSearch]
15:59:52.086 [TestNG-PoolService-3] INFO  com.hackathonProject.hooks.CucumberHooks - Tags: [@LanguageLearning, @Smoke, @LanguageLearning]
15:59:52.086 [TestNG-PoolService-2] INFO  com.hackathonProject.hooks.CucumberHooks - Tags: [@EnterpriseForm, @Smoke, @EnterpriseForm]
15:59:52.093 [TestNG-PoolService-2] INFO  com.hackathonProject.utils.ConfigReader - config.properties loaded successfully
15:59:52.094 [TestNG-PoolService-2] INFO  com.hackathonProject.base.BaseClass - Launching browser: edge on thread: TestNG-PoolService-2
15:59:52.094 [TestNG-PoolService-3] INFO  com.hackathonProject.base.BaseClass - Launching browser: edge on thread: TestNG-PoolService-3
15:59:52.094 [TestNG-PoolService-1] INFO  com.hackathonProject.base.BaseClass - Launching browser: edge on thread: TestNG-PoolService-1
15:59:59.685 [TestNG-PoolService-2] INFO  com.hackathonProject.base.BaseClass - Edge browser launched (via Selenium Manager) with unique profile
15:59:59.696 [TestNG-PoolService-1] INFO  com.hackathonProject.base.BaseClass - Edge browser launched (via Selenium Manager) with unique profile
15:59:59.711 [TestNG-PoolService-2] INFO  com.hackathonProject.base.BaseClass - WebDriver [edge] created and stored in ThreadLocal. Session: 122a9b1f72776ad0244a7e497c0a5714
15:59:59.730 [TestNG-PoolService-2] INFO  com.hackathonProject.utils.ExtentReportManager - ExtentReports initialised at: reports/extent/ExtentReport_2026-05-25_15-59-59.html
15:59:59.740 [TestNG-PoolService-2] INFO  com.hackathonProject.hooks.CucumberHooks - Browser launched successfully
15:59:59.754 [TestNG-PoolService-1] INFO  com.hackathonProject.base.BaseClass - WebDriver [edge] created and stored in ThreadLocal. Session: 739b1d335d0f8bc176011bcf6fef3e3d
15:59:59.757 [TestNG-PoolService-1] INFO  com.hackathonProject.hooks.CucumberHooks - Browser launched successfully
15:59:59.894 [TestNG-PoolService-2] INFO  com.hackathonProject.stepdefinitions.EnterpriseFormSteps - STEP: Navigating to Coursera For Business page
15:59:59.906 [TestNG-PoolService-1] INFO  com.hackathonProject.stepdefinitions.CourseSearchSteps - STEP: Opening Coursera home page
15:59:59.928 [TestNG-PoolService-1] INFO  com.hackathonProject.pages.HomePage - Navigating to: https://www.coursera.org
16:00:01.065 [TestNG-PoolService-3] INFO  com.hackathonProject.base.BaseClass - Edge browser launched (via Selenium Manager) with unique profile
16:00:01.097 [TestNG-PoolService-3] INFO  com.hackathonProject.base.BaseClass - WebDriver [edge] created and stored in ThreadLocal. Session: acc217e1ca5aceef6e80a6a0074bb941
16:00:01.098 [TestNG-PoolService-3] INFO  com.hackathonProject.hooks.CucumberHooks - Browser launched successfully
16:00:01.121 [TestNG-PoolService-3] INFO  com.hackathonProject.stepdefinitions.LanguageLearningSteps - STEP: Navigating to Language Learning category
  Given the user navigates to the Language Learning category                      # com.hackathonProject.stepdefinitions.LanguageLearningSteps.theUserNavigatesToLanguageLearning()
16:00:19.884 [TestNG-PoolService-3] INFO  com.hackathonProject.listeners.CucumberListener -    ✓ STEP PASSED: the user navigates to the Language Learning category
16:00:19.887 [TestNG-PoolService-3] INFO  com.hackathonProject.stepdefinitions.LanguageLearningSteps - STEP: Opening Language filter dropdown
16:00:19.888 [TestNG-PoolService-3] INFO  com.hackathonProject.pages.LanguageCoursesPage - Extracting all language filter options
16:00:20.688 [TestNG-PoolService-3] INFO  com.hackathonProject.utils.JavaScriptUtil - JavaScript click performed on element
  Given the user navigates to the Coursera For Business page      # com.hackathonProject.stepdefinitions.EnterpriseFormSteps.theUserNavigatesToForBusiness()
16:00:22.958 [TestNG-PoolService-2] INFO  com.hackathonProject.listeners.CucumberListener -    ✓ STEP PASSED: the user navigates to the Coursera For Business page
16:00:22.963 [TestNG-PoolService-2] INFO  com.hackathonProject.stepdefinitions.EnterpriseFormSteps - STEP: Clicking Contact Sales / scrolling to form
16:00:22.965 [TestNG-PoolService-2] INFO  com.hackathonProject.pages.CampusPage - Scrolling to form section
16:00:22.990 [TestNG-PoolService-2] INFO  com.hackathonProject.utils.JavaScriptUtil - Scrolled by 2000 pixels
16:00:23.071 [TestNG-PoolService-2] INFO  com.hackathonProject.pages.CampusPage - Marketo form found
  When the user clicks on Contact Sales                           # com.hackathonProject.stepdefinitions.EnterpriseFormSteps.theUserClicksContactSales()
16:00:23.072 [TestNG-PoolService-2] INFO  com.hackathonProject.listeners.CucumberListener -    ✓ STEP PASSED: the user clicks on Contact Sales
16:00:23.092 [TestNG-PoolService-2] INFO  com.hackathonProject.stepdefinitions.EnterpriseFormSteps - STEP: Filling contact form with DataTable values
16:00:23.096 [TestNG-PoolService-2] INFO  com.hackathonProject.stepdefinitions.EnterpriseFormSteps - Form data: {firstName=Srijita, lastName=Baksi, email=srijitacogniznat.com}
16:00:23.097 [TestNG-PoolService-2] INFO  com.hackathonProject.pages.CampusPage - Filling form with invalid email: srijitacogniznat.com
16:00:23.691 [TestNG-PoolService-1] INFO  com.hackathonProject.stepdefinitions.CourseSearchSteps - Home page opened successfully
  Given the user is on the Coursera home page                                       # com.hackathonProject.stepdefinitions.CourseSearchSteps.theUserIsOnCourseraHomePage()
16:00:23.693 [TestNG-PoolService-1] INFO  com.hackathonProject.listeners.CucumberListener -    ✓ STEP PASSED: the user is on the Coursera home page
16:00:23.696 [TestNG-PoolService-1] INFO  com.hackathonProject.stepdefinitions.CourseSearchSteps - STEP: Searching for: web development courses for beginners
16:00:23.697 [TestNG-PoolService-1] INFO  com.hackathonProject.pages.HomePage - Searching for: web development courses for beginners
16:00:23.853 [TestNG-PoolService-2] INFO  com.hackathonProject.pages.CampusPage - Entered First Name: Srijita
16:00:24.254 [TestNG-PoolService-2] INFO  com.hackathonProject.pages.CampusPage - Entered Last Name: Baksi
16:00:30.761 [TestNG-PoolService-3] INFO  com.hackathonProject.pages.LanguageCoursesPage - Clicked 'Language' section
16:00:42.610 [TestNG-PoolService-3] INFO  com.hackathonProject.pages.LanguageCoursesPage - Total languages: 62
  When the user opens the language filter dropdown                                # com.hackathonProject.stepdefinitions.LanguageLearningSteps.theUserOpensLanguageFilterDropdown()
16:00:42.611 [TestNG-PoolService-3] INFO  com.hackathonProject.listeners.CucumberListener -    ✓ STEP PASSED: the user opens the language filter dropdown
16:00:42.613 [TestNG-PoolService-3] INFO  com.hackathonProject.stepdefinitions.LanguageLearningSteps - STEP: Opening Level filter dropdown
16:00:42.614 [TestNG-PoolService-3] INFO  com.hackathonProject.pages.LanguageCoursesPage - Extracting all level filter options
16:00:44.830 [TestNG-PoolService-2] WARN  com.hackathonProject.utils.WaitUtil - Element not visible within timeout
16:00:44.830 [TestNG-PoolService-2] INFO  com.hackathonProject.pages.CampusPage - Entered invalid email: srijitacogniznat.com
16:00:44.830 [TestNG-PoolService-2] INFO  com.hackathonProject.pages.CampusPage - Form filled successfully
16:00:45.079 [TestNG-PoolService-2] INFO  com.hackathonProject.utils.ScreenshotUtil - Screenshot saved: C:\Users\2485865\Downloads\HackathonProject\CourseraAutomation\screenshots\FormFilledWithInvalidEmail_2026-05-25_16-00-45.png
  And the user fills the contact form with the following details: # com.hackathonProject.stepdefinitions.EnterpriseFormSteps.theUserFillsContactForm(io.cucumber.datatable.DataTable)
    | firstName | lastName | email                |
    | Srijita   | Baksi    | srijitacogniznat.com |
16:00:45.094 [TestNG-PoolService-2] INFO  com.hackathonProject.listeners.CucumberListener -    ✓ STEP PASSED: the user fills the contact form with the following details:
16:00:45.098 [TestNG-PoolService-2] INFO  com.hackathonProject.stepdefinitions.EnterpriseFormSteps - STEP: Checking for email validation error message
16:00:45.260 [TestNG-PoolService-2] INFO  com.hackathonProject.pages.CampusPage - Submit clicked
16:00:45.260 [TestNG-PoolService-2] INFO  com.hackathonProject.pages.CampusPage - Capturing email error message
16:00:45.384 [TestNG-PoolService-2] INFO  com.hackathonProject.pages.CampusPage - Error: Must be valid email.
example@yourdomain.com
16:00:45.384 [TestNG-PoolService-2] INFO  com.hackathonProject.stepdefinitions.EnterpriseFormSteps - Captured error message: Must be valid email.
example@yourdomain.com
16:00:45.615 [TestNG-PoolService-2] INFO  com.hackathonProject.utils.ScreenshotUtil - Screenshot saved: C:\Users\2485865\Downloads\HackathonProject\CourseraAutomation\screenshots\EmailValidationError_2026-05-25_16-00-45.png
  Then an email validation error message should be displayed      # com.hackathonProject.stepdefinitions.EnterpriseFormSteps.anEmailValidationErrorShouldBeDisplayed()
16:00:45.623 [TestNG-PoolService-2] INFO  com.hackathonProject.listeners.CucumberListener -    ✓ STEP PASSED: an email validation error message should be displayed
16:00:45.627 [TestNG-PoolService-2] INFO  com.hackathonProject.stepdefinitions.EnterpriseFormSteps - STEP: Asserting error message contains: valid email
16:00:45.629 [TestNG-PoolService-2] INFO  com.hackathonProject.stepdefinitions.EnterpriseFormSteps - Assertion PASSED: Must be valid email.
example@yourdomain.com
  And the error message should contain "valid email"              # com.hackathonProject.stepdefinitions.EnterpriseFormSteps.theErrorMessageShouldContain(java.lang.String)
16:00:45.632 [TestNG-PoolService-2] INFO  com.hackathonProject.listeners.CucumberListener -    ✓ STEP PASSED: the error message should contain "valid email"
16:00:45.638 [TestNG-PoolService-2] INFO  com.hackathonProject.hooks.CucumberHooks - ====== SCENARIO FINISHED: Verify email validation error on business contact form | Status: PASSED ======
16:00:45.641 [TestNG-PoolService-2] INFO  com.hackathonProject.base.BaseClass - Quitting edge browser on thread: TestNG-PoolService-2
16:00:47.460 [TestNG-PoolService-2] INFO  com.hackathonProject.hooks.CucumberHooks - Browser closed. Scenario teardown complete.
16:00:47.579 [TestNG-PoolService-2] INFO  com.hackathonProject.listeners.CucumberListener - ■ SCENARIO PASSED: [Verify email validation error on business contact form] in 55.63s
]]></system-out>
    <system-err><![CDATA[SLF4J(W): No SLF4J providers were found.
SLF4J(W): Defaulting to no-operation (NOP) logger implementation
SLF4J(W): See https://www.slf4j.org/codes.html#noProviders for further details.
May 25, 2026 3:59:54 PM org.openqa.selenium.manager.SeleniumManager lambda$runCommand$1
WARNING: There was an error managing msedgedriver (error sending request for url (https://msedgedriver.azureedge.net/LATEST_RELEASE_148_WINDOWS): error trying to connect: dns error: No such host is known. (os error 11001)); using driver found in the cache
May 25, 2026 3:59:54 PM org.openqa.selenium.manager.SeleniumManager lambda$runCommand$1
WARNING: There was an error managing msedgedriver (error sending request for url (https://msedgedriver.azureedge.net/LATEST_RELEASE_148_WINDOWS): error trying to connect: dns error: No such host is known. (os error 11001)); using driver found in the cache
May 25, 2026 3:59:54 PM org.openqa.selenium.manager.SeleniumManager lambda$runCommand$1
WARNING: There was an error managing msedgedriver (error sending request for url (https://msedgedriver.azureedge.net/LATEST_RELEASE_148_WINDOWS): error trying to connect: dns error: No such host is known. (os error 11001)); using driver found in the cache
May 25, 2026 3:59:59 PM org.openqa.selenium.devtools.CdpVersionFinder findNearestMatch
WARNING: Unable to find CDP implementation matching 148
May 25, 2026 3:59:59 PM org.openqa.selenium.chromium.ChromiumDriver lambda$new$5
WARNING: Unable to find version of CDP to use for 148.0.3967.83. You may need to include a dependency on a specific version of the CDP using something similar to `org.seleniumhq.selenium:selenium-devtools-v86:4.18.1` where the version ("v86") matches the version of the chromium-based browser you're using and the version number of the artifact is the same as Selenium's.
May 25, 2026 3:59:59 PM org.openqa.selenium.devtools.CdpVersionFinder findNearestMatch
WARNING: Unable to find CDP implementation matching 148
May 25, 2026 3:59:59 PM org.openqa.selenium.chromium.ChromiumDriver lambda$new$5
WARNING: Unable to find version of CDP to use for 148.0.3967.83. You may need to include a dependency on a specific version of the CDP using something similar to `org.seleniumhq.selenium:selenium-devtools-v86:4.18.1` where the version ("v86") matches the version of the chromium-based browser you're using and the version number of the artifact is the same as Selenium's.
May 25, 2026 4:00:01 PM org.openqa.selenium.devtools.CdpVersionFinder findNearestMatch
WARNING: Unable to find CDP implementation matching 148
May 25, 2026 4:00:01 PM org.openqa.selenium.chromium.ChromiumDriver lambda$new$5
WARNING: Unable to find version of CDP to use for 148.0.3967.83. You may need to include a dependency on a specific version of the CDP using something similar to `org.seleniumhq.selenium:selenium-devtools-v86:4.18.1` where the version ("v86") matches the version of the chromium-based browser you're using and the version number of the artifact is the same as Selenium's.
]]></system-err>
  </testcase>
  <testcase name="runScenario[&quot;Extract all languages and levels from Language Learning category&quot;, &quot;Language Learning - Extract Languages and Levels&quot;](2)" classname="com.hackathonProject.runners.TestRunner" time="77.933">
    <system-out><![CDATA[16:00:57.909 [TestNG-PoolService-3] INFO  com.hackathonProject.utils.JavaScriptUtil - JavaScript click performed on element
16:01:00.750 [TestNG-PoolService-1] INFO  com.hackathonProject.pages.HomePage - Search submitted. URL: https://www.coursera.org/search?query=web%20development%20courses%20for%20beginners
  When the user searches for "web development courses for beginners"                # com.hackathonProject.stepdefinitions.CourseSearchSteps.theUserSearchesFor(java.lang.String)
16:01:00.751 [TestNG-PoolService-1] INFO  com.hackathonProject.listeners.CucumberListener -    ✓ STEP PASSED: the user searches for "web development courses for beginners"
16:01:00.753 [TestNG-PoolService-1] INFO  com.hackathonProject.stepdefinitions.CourseSearchSteps - STEP: Applying language filter: English
16:01:00.754 [TestNG-PoolService-1] INFO  com.hackathonProject.pages.SearchResultsPage - Applying language filter: English
16:01:07.965 [TestNG-PoolService-3] INFO  com.hackathonProject.pages.LanguageCoursesPage - Clicked 'Level' section
16:01:08.096 [TestNG-PoolService-3] INFO  com.hackathonProject.pages.LanguageCoursesPage - Level: Beginner → 5035
16:01:08.096 [TestNG-PoolService-3] INFO  com.hackathonProject.pages.LanguageCoursesPage - Level: Intermediate → 4338
16:01:08.098 [TestNG-PoolService-3] INFO  com.hackathonProject.pages.LanguageCoursesPage - Level: Advanced → 458
16:01:08.098 [TestNG-PoolService-3] INFO  com.hackathonProject.pages.LanguageCoursesPage - Level: Mixed → 1374
16:01:08.098 [TestNG-PoolService-3] INFO  com.hackathonProject.pages.LanguageCoursesPage - Total levels: 4
  And the user opens the level filter dropdown                                    # com.hackathonProject.stepdefinitions.LanguageLearningSteps.theUserOpensLevelFilterDropdown()
16:01:08.099 [TestNG-PoolService-3] INFO  com.hackathonProject.listeners.CucumberListener -    ✓ STEP PASSED: the user opens the level filter dropdown
16:01:08.101 [TestNG-PoolService-3] INFO  com.hackathonProject.stepdefinitions.LanguageLearningSteps - STEP: Verifying languages were captured
16:01:08.103 [TestNG-PoolService-3] INFO  com.hackathonProject.stepdefinitions.LanguageLearningSteps - 
===== LANGUAGES EXTRACTED =====
  English                   → 10551 courses
  Kazakh                    → 4417 courses
  Spanish                   → 4356 courses
  French                    → 4282 courses
  Arabic                    → 4184 courses
  German                    → 4165 courses
  Portuguese                → 3019 courses
  Indonesian                → 2970 courses
  Chinese                   → 2811 courses
  Hungarian                 → 2739 courses
  Russian                   → 2674 courses
  Japanese                  → 2668 courses
  Korean                    → 2652 courses
  Hindi                     → 2578 courses
  Italian                   → 2566 courses
  Turkish                   → 2520 courses
  Thai                      → 2487 courses
  Ukrainian                 → 2466 courses
  Dutch                     → 2455 courses
  Greek                     → 2454 courses
  Polish                    → 2451 courses
  Swedish                   → 2434 courses
  Uzbek                     → 1949 courses
  Vietnamese                → 1820 courses
  Pushto                    → 1818 courses
  Azerbaijani               → 1607 courses
  Urdu                      → 1354 courses
  Bengali                   → 1346 courses
  Oriya                     → 234 courses
  Malay                     → 202 courses
  Haitian (Haitian Creole)  → 90 courses
  Persian                   → 62 courses
  Khmer                     → 37 courses
  Romanian                  → 30 courses
  Hebrew                    → 29 courses
  Serbian                   → 23 courses
  Afrikaans                 → 19 courses
  Finnish                   → 16 courses
  Javanese                  → 16 courses
  Tamil                     → 15 courses
  Catalan                   → 13 courses
  Slovak                    → 10 courses
  Czech                     → 9 courses
  Estonian                  → 9 courses
  Mongolian                 → 8 courses
  Albanian                  → 5 courses
  Georgian                  → 5 courses
  Telugu                    → 5 courses
  Croatian                  → 4 courses
  Bulgarian                 → 3 courses
  Lithuanian                → 3 courses
  Burmese                   → 2 courses
  Latvian                   → 2 courses
  Marathi                   → 2 courses
  Nepali                    → 2 courses
  Danish                    → 1 courses
  Kinyarwanda               → 1 courses
  Macedonian                → 1 courses
  Malayalam                 → 1 courses
  Slovenian                 → 1 courses
  Swahili                   → 1 courses
  Tagalog                   → 1 courses
================================
  Then all available languages with their counts should be captured and displayed # com.hackathonProject.stepdefinitions.LanguageLearningSteps.allLanguagesShouldBeCaptured()
16:01:08.106 [TestNG-PoolService-3] INFO  com.hackathonProject.listeners.CucumberListener -    ✓ STEP PASSED: all available languages with their counts should be captured and displayed
16:01:08.108 [TestNG-PoolService-3] INFO  com.hackathonProject.stepdefinitions.LanguageLearningSteps - STEP: Verifying levels were captured
16:01:08.109 [TestNG-PoolService-3] INFO  com.hackathonProject.stepdefinitions.LanguageLearningSteps - 
===== LEVELS EXTRACTED =====
  Beginner                  → 5035 courses
  Intermediate              → 4338 courses
  Advanced                  → 458 courses
  Mixed                     → 1374 courses
============================
  And all available levels with their counts should be captured and displayed     # com.hackathonProject.stepdefinitions.LanguageLearningSteps.allLevelsShouldBeCaptured()
16:01:08.110 [TestNG-PoolService-3] INFO  com.hackathonProject.listeners.CucumberListener -    ✓ STEP PASSED: all available levels with their counts should be captured and displayed
16:01:08.119 [TestNG-PoolService-3] INFO  com.hackathonProject.stepdefinitions.LanguageLearningSteps - STEP: Asserting language count >= 5
16:01:08.120 [TestNG-PoolService-3] INFO  com.hackathonProject.stepdefinitions.LanguageLearningSteps - Language count: 62 >= 5
  And the language list should contain at least 5 languages                       # com.hackathonProject.stepdefinitions.LanguageLearningSteps.languageListShouldHaveAtLeast(int)
16:01:08.122 [TestNG-PoolService-3] INFO  com.hackathonProject.listeners.CucumberListener -    ✓ STEP PASSED: the language list should contain at least 5 languages
16:01:08.124 [TestNG-PoolService-3] INFO  com.hackathonProject.stepdefinitions.LanguageLearningSteps - STEP: Asserting level count >= 2
16:01:08.124 [TestNG-PoolService-3] INFO  com.hackathonProject.stepdefinitions.LanguageLearningSteps - Level count: 4 >= 2
  And the level list should contain at least 2 levels                             # com.hackathonProject.stepdefinitions.LanguageLearningSteps.levelListShouldHaveAtLeast(int)
16:01:08.125 [TestNG-PoolService-3] INFO  com.hackathonProject.listeners.CucumberListener -    ✓ STEP PASSED: the level list should contain at least 2 levels
16:01:08.126 [TestNG-PoolService-3] INFO  com.hackathonProject.hooks.CucumberHooks - ====== SCENARIO FINISHED: Extract all languages and levels from Language Learning category | Status: PASSED ======
16:01:08.127 [TestNG-PoolService-3] INFO  com.hackathonProject.base.BaseClass - Quitting edge browser on thread: TestNG-PoolService-3
16:01:09.630 [TestNG-PoolService-3] INFO  com.hackathonProject.hooks.CucumberHooks - Browser closed. Scenario teardown complete.
16:01:09.638 [TestNG-PoolService-3] INFO  com.hackathonProject.listeners.CucumberListener - ■ SCENARIO PASSED: [Extract all languages and levels from Language Learning category] in 77.80s
]]></system-out>
  </testcase>
  <testcase name="runScenario[&quot;Search web development courses for beginners in English and save to Excel&quot;, &quot;Course Search - Web Development Courses&quot;](3)" classname="com.hackathonProject.runners.TestRunner" time="129.298">
    <system-out><![CDATA[  And the user applies the language filter "English"                                # com.hackathonProject.stepdefinitions.CourseSearchSteps.theUserAppliesLanguageFilter(java.lang.String)
16:01:24.035 [TestNG-PoolService-1] INFO  com.hackathonProject.listeners.CucumberListener -    ✓ STEP PASSED: the user applies the language filter "English"
16:01:24.037 [TestNG-PoolService-1] INFO  com.hackathonProject.stepdefinitions.CourseSearchSteps - STEP: Applying level filter: Beginner
16:01:24.037 [TestNG-PoolService-1] INFO  com.hackathonProject.pages.SearchResultsPage - Applying level filter: Beginner
  And the user applies the level filter "Beginner"                                  # com.hackathonProject.stepdefinitions.CourseSearchSteps.theUserAppliesLevelFilter(java.lang.String)
16:01:47.545 [TestNG-PoolService-1] INFO  com.hackathonProject.listeners.CucumberListener -    ✓ STEP PASSED: the user applies the level filter "Beginner"
16:01:47.546 [TestNG-PoolService-1] INFO  com.hackathonProject.stepdefinitions.CourseSearchSteps - STEP: Extracting 5 courses
16:01:47.546 [TestNG-PoolService-1] INFO  com.hackathonProject.pages.SearchResultsPage - Extracting top 5 courses
16:01:57.581 [TestNG-PoolService-1] INFO  com.hackathonProject.utils.JavaScriptUtil - Scrolled by 800 pixels
16:01:57.684 [TestNG-PoolService-1] INFO  com.hackathonProject.utils.JavaScriptUtil - Scrolled to top of page
16:01:57.757 [TestNG-PoolService-1] INFO  com.hackathonProject.pages.SearchResultsPage - Found 11 course cards
16:01:57.825 [TestNG-PoolService-1] INFO  com.hackathonProject.pages.SearchResultsPage - Extracted: 1. Web Development for Beginners | Rating: 4.7 | Hours: 3 - 6 Months
16:01:57.868 [TestNG-PoolService-1] INFO  com.hackathonProject.pages.SearchResultsPage - Extracted: 2. Introduction to Web Development with HTML, CSS, JavaScript | Rating: 4.6 | Hours: 1 - 3 Months
16:01:57.889 [TestNG-PoolService-1] INFO  com.hackathonProject.pages.SearchResultsPage - Extracted: 3. Front-End Web Development for Beginners | Rating: 4.6 | Hours: 1 - 3 Months
16:01:57.910 [TestNG-PoolService-1] INFO  com.hackathonProject.pages.SearchResultsPage - Extracted: 4. Introduction to Web Development and HTML Basics | Rating: N/A | Hours: 1 - 3 Months
16:01:57.932 [TestNG-PoolService-1] INFO  com.hackathonProject.pages.SearchResultsPage - Extracted: 5. Introduction to HTML, CSS, & JavaScript | Rating: 4.4 | Hours: 1 - 4 Weeks
16:01:57.933 [TestNG-PoolService-1] INFO  com.hackathonProject.pages.SearchResultsPage - Total extracted: 5
16:01:57.933 [TestNG-PoolService-1] INFO  com.hackathonProject.stepdefinitions.CourseSearchSteps - Course: 1. Web Development for Beginners | Rating: 4.7 | Hours: 3 - 6 Months
16:01:57.934 [TestNG-PoolService-1] INFO  com.hackathonProject.stepdefinitions.CourseSearchSteps - Course: 2. Introduction to Web Development with HTML, CSS, JavaScript | Rating: 4.6 | Hours: 1 - 3 Months
16:01:57.934 [TestNG-PoolService-1] INFO  com.hackathonProject.stepdefinitions.CourseSearchSteps - Course: 3. Front-End Web Development for Beginners | Rating: 4.6 | Hours: 1 - 3 Months
16:01:57.934 [TestNG-PoolService-1] INFO  com.hackathonProject.stepdefinitions.CourseSearchSteps - Course: 4. Introduction to Web Development and HTML Basics | Rating: N/A | Hours: 1 - 3 Months
16:01:57.934 [TestNG-PoolService-1] INFO  com.hackathonProject.stepdefinitions.CourseSearchSteps - Course: 5. Introduction to HTML, CSS, & JavaScript | Rating: 4.4 | Hours: 1 - 4 Weeks
16:01:57.934 [TestNG-PoolService-1] INFO  com.hackathonProject.stepdefinitions.CourseSearchSteps - Extraction complete. Got 5 courses.
  And the user extracts the first 5 courses with name, hours and rating             # com.hackathonProject.stepdefinitions.CourseSearchSteps.theUserExtractsFirstNCourses(int)
16:01:57.937 [TestNG-PoolService-1] INFO  com.hackathonProject.listeners.CucumberListener -    ✓ STEP PASSED: the user extracts the first 5 courses with name, hours and rating
16:01:57.938 [TestNG-PoolService-1] INFO  com.hackathonProject.stepdefinitions.CourseSearchSteps - STEP: Saving course data to Excel
16:01:57.939 [TestNG-PoolService-1] INFO  com.hackathonProject.pages.SearchResultsPage - Saving 5 courses to Excel: src/test/resources/testdata/CourseData.xlsx
16:01:57.942 [TestNG-PoolService-1] INFO  com.hackathonProject.utils.ExcelDataWriter - Writing 5 courses to Excel: src/test/resources/testdata/CourseData.xlsx
16:01:59.754 [TestNG-PoolService-1] INFO  com.hackathonProject.utils.ExcelDataWriter - Excel file saved: src/test/resources/testdata/CourseData.xlsx
16:01:59.766 [TestNG-PoolService-1] INFO  com.hackathonProject.stepdefinitions.CourseSearchSteps - Excel saved successfully: src/test/resources/testdata/CourseData.xlsx
  And the course data is saved to an Excel file                                     # com.hackathonProject.stepdefinitions.CourseSearchSteps.theCourseDataIsSavedToExcel()
16:01:59.767 [TestNG-PoolService-1] INFO  com.hackathonProject.listeners.CucumberListener -    ✓ STEP PASSED: the course data is saved to an Excel file
16:01:59.770 [TestNG-PoolService-1] INFO  com.hackathonProject.stepdefinitions.CourseSearchSteps - STEP: Verifying search results page
16:01:59.792 [TestNG-PoolService-1] INFO  com.hackathonProject.stepdefinitions.CourseSearchSteps - Search results page verified. URL: https://www.coursera.org/search?query=web%20development%20courses%20for%20beginners&language=English&productDifficultyLevel=Beginner
  Then the search results page should be displayed                                  # com.hackathonProject.stepdefinitions.CourseSearchSteps.theSearchResultsPageShouldBeDisplayed()
16:01:59.794 [TestNG-PoolService-1] INFO  com.hackathonProject.listeners.CucumberListener -    ✓ STEP PASSED: the search results page should be displayed
16:01:59.796 [TestNG-PoolService-1] INFO  com.hackathonProject.stepdefinitions.CourseSearchSteps - STEP: Asserting first course name is not empty
16:01:59.796 [TestNG-PoolService-1] INFO  com.hackathonProject.stepdefinitions.CourseSearchSteps - First course name: Web Development for Beginners
  And the first course name should not be empty                                     # com.hackathonProject.stepdefinitions.CourseSearchSteps.theFirstCourseNameShouldNotBeEmpty()
16:01:59.797 [TestNG-PoolService-1] INFO  com.hackathonProject.listeners.CucumberListener -    ✓ STEP PASSED: the first course name should not be empty
16:01:59.798 [TestNG-PoolService-1] INFO  com.hackathonProject.hooks.CucumberHooks - ====== SCENARIO FINISHED: Search web development courses for beginners in English and save to Excel | Status: PASSED ======
16:01:59.798 [TestNG-PoolService-1] INFO  com.hackathonProject.base.BaseClass - Quitting edge browser on thread: TestNG-PoolService-1
16:02:00.996 [TestNG-PoolService-1] INFO  com.hackathonProject.hooks.CucumberHooks - Browser closed. Scenario teardown complete.
16:02:01.002 [TestNG-PoolService-1] INFO  com.hackathonProject.listeners.CucumberListener - ■ SCENARIO PASSED: [Search web development courses for beginners in English and save to Excel] in 129.16s
]]></system-out>
  </testcase>
</testsuite>