<?xml version="1.0" encoding="UTF-8"?>
<testng-results ignored="0" total="3" passed="3" failed="0" skipped="0">
  <reporter-output>
  </reporter-output>
  <suite started-at="2026-05-18T11:31:32 IST" name="Default suite" finished-at="2026-05-18T11:35:54 IST" duration-ms="261636">
    <groups>
      <group name="cucumber">
        <method signature="AbstractTestNGCucumberTests.runScenario(io.cucumber.testng.PickleWrapper,io.cucumber.testng.FeatureWrapper)[pri:0, instance:runners.TestRunner@21d03963]" name="runScenario" class="io.cucumber.testng.AbstractTestNGCucumberTests"/>
      </group> <!-- cucumber -->
    </groups>
    <test started-at="2026-05-18T11:31:32 IST" name="Default test" finished-at="2026-05-18T11:35:54 IST" duration-ms="261636">
      <class name="runners.TestRunner">
        <test-method is-config="true" signature="setUpClass(org.testng.ITestContext)[pri:0, instance:runners.TestRunner@21d03963]" started-at="2026-05-18T11:31:32 IST" name="setUpClass" finished-at="2026-05-18T11:31:34 IST" duration-ms="1684" status="PASS">
          <params>
            <param index="0">
              <value>
                <![CDATA[org.testng.TestRunner@5034f5dd]]>
              </value>
            </param>
          </params>
          <reporter-output>
          </reporter-output>
        </test-method> <!-- setUpClass -->
        <test-method signature="runScenario(io.cucumber.testng.PickleWrapper,io.cucumber.testng.FeatureWrapper)[pri:0, instance:runners.TestRunner@21d03963]" started-at="2026-05-18T11:31:34 IST" name="runScenario" description="Runs Cucumber Scenarios" data-provider="scenarios" finished-at="2026-05-18T11:35:53 IST" duration-ms="259430" status="PASS">
          <params>
            <param index="0">
              <value>
                <![CDATA["Search web development courses for beginners in English and save to Excel"]]>
              </value>
            </param>
            <param index="1">
              <value>
                <![CDATA["Course Search - Web Development Courses"]]>
              </value>
            </param>
          </params>
          <reporter-output>
          </reporter-output>
        </test-method> <!-- runScenario -->
        <test-method signature="runScenario(io.cucumber.testng.PickleWrapper,io.cucumber.testng.FeatureWrapper)[pri:0, instance:runners.TestRunner@21d03963]" started-at="2026-05-18T11:31:34 IST" name="runScenario" description="Runs Cucumber Scenarios" data-provider="scenarios" finished-at="2026-05-18T11:33:36 IST" duration-ms="121879" status="PASS">
          <params>
            <param index="0">
              <value>
                <![CDATA["Verify email validation error on business contact form"]]>
              </value>
            </param>
            <param index="1">
              <value>
                <![CDATA["Business Contact Form - Invalid Email Validation"]]>
              </value>
            </param>
          </params>
          <reporter-output>
          </reporter-output>
        </test-method> <!-- runScenario -->
        <test-method signature="runScenario(io.cucumber.testng.PickleWrapper,io.cucumber.testng.FeatureWrapper)[pri:0, instance:runners.TestRunner@21d03963]" started-at="2026-05-18T11:31:34 IST" name="runScenario" description="Runs Cucumber Scenarios" data-provider="scenarios" finished-at="2026-05-18T11:32:53 IST" duration-ms="79566" status="PASS">
          <params>
            <param index="0">
              <value>
                <![CDATA["Extract all languages and levels from Language Learning category"]]>
              </value>
            </param>
            <param index="1">
              <value>
                <![CDATA["Language Learning - Extract Languages and Levels"]]>
              </value>
            </param>
          </params>
          <reporter-output>
          </reporter-output>
        </test-method> <!-- runScenario -->
        <test-method is-config="true" signature="tearDownClass()[pri:0, instance:runners.TestRunner@21d03963]" started-at="2026-05-18T11:35:53 IST" name="tearDownClass" finished-at="2026-05-18T11:35:54 IST" duration-ms="472" status="PASS">
          <reporter-output>
          </reporter-output>
        </test-method> <!-- tearDownClass -->
      </class> <!-- runners.TestRunner -->
    </test> <!-- Default test -->
  </suite> <!-- Default suite -->
</testng-results>
