<?xml version="1.0" encoding="UTF-8"?>
<testng-results ignored="0" total="3" passed="3" failed="0" skipped="0">
  <reporter-output>
  </reporter-output>
  <suite started-at="2026-05-18T18:33:15 IST" name="Default suite" finished-at="2026-05-18T18:36:07 IST" duration-ms="171806">
    <groups>
      <group name="cucumber">
        <method signature="AbstractTestNGCucumberTests.runScenario(io.cucumber.testng.PickleWrapper,io.cucumber.testng.FeatureWrapper)[pri:0, instance:com.hackathonProject.runners.TestRunner@21d03963]" name="runScenario" class="io.cucumber.testng.AbstractTestNGCucumberTests"/>
      </group> <!-- cucumber -->
    </groups>
    <test started-at="2026-05-18T18:33:15 IST" name="Default test" finished-at="2026-05-18T18:36:07 IST" duration-ms="171806">
      <class name="com.hackathonProject.runners.TestRunner">
        <test-method is-config="true" signature="setUpClass(org.testng.ITestContext)[pri:0, instance:com.hackathonProject.runners.TestRunner@21d03963]" started-at="2026-05-18T18:33:15 IST" name="setUpClass" finished-at="2026-05-18T18:33:17 IST" duration-ms="1675" status="PASS">
          <params>
            <param index="0">
              <value>
                <![CDATA[org.testng.TestRunner@b73433]]>
              </value>
            </param>
          </params>
          <reporter-output>
          </reporter-output>
        </test-method> <!-- setUpClass -->
        <test-method signature="runScenario(io.cucumber.testng.PickleWrapper,io.cucumber.testng.FeatureWrapper)[pri:0, instance:com.hackathonProject.runners.TestRunner@21d03963]" started-at="2026-05-18T18:33:17 IST" name="runScenario" description="Runs Cucumber Scenarios" data-provider="scenarios" finished-at="2026-05-18T18:34:34 IST" duration-ms="76851" status="PASS">
          <params>
            <param index="0">
              <value>
                <![CDATA["Verify email validation error on business contact form"]]>
              </value>
            </param>
            <param index="1">
              <value>
                <![CDATA["Business Contact Form - Invalid Email Validation"]]>
              </value>
            </param>
          </params>
          <reporter-output>
          </reporter-output>
        </test-method> <!-- runScenario -->
        <test-method signature="runScenario(io.cucumber.testng.PickleWrapper,io.cucumber.testng.FeatureWrapper)[pri:0, instance:com.hackathonProject.runners.TestRunner@21d03963]" started-at="2026-05-18T18:33:17 IST" name="runScenario" description="Runs Cucumber Scenarios" data-provider="scenarios" finished-at="2026-05-18T18:34:58 IST" duration-ms="100450" status="PASS">
          <params>
            <param index="0">
              <value>
                <![CDATA["Extract all languages and levels from Language Learning category"]]>
              </value>
            </param>
            <param index="1">
              <value>
                <![CDATA["Language Learning - Extract Languages and Levels"]]>
              </value>
            </param>
          </params>
          <reporter-output>
          </reporter-output>
        </test-method> <!-- runScenario -->
        <test-method signature="runScenario(io.cucumber.testng.PickleWrapper,io.cucumber.testng.FeatureWrapper)[pri:0, instance:com.hackathonProject.runners.TestRunner@21d03963]" started-at="2026-05-18T18:33:17 IST" name="runScenario" description="Runs Cucumber Scenarios" data-provider="scenarios" finished-at="2026-05-18T18:36:07 IST" duration-ms="169670" status="PASS">
          <params>
            <param index="0">
              <value>
                <![CDATA["Search web development courses for beginners in English and save to Excel"]]>
              </value>
            </param>
            <param index="1">
              <value>
                <![CDATA["Course Search - Web Development Courses"]]>
              </value>
            </param>
          </params>
          <reporter-output>
          </reporter-output>
        </test-method> <!-- runScenario -->
        <test-method is-config="true" signature="tearDownClass()[pri:0, instance:com.hackathonProject.runners.TestRunner@21d03963]" started-at="2026-05-18T18:36:07 IST" name="tearDownClass" finished-at="2026-05-18T18:36:07 IST" duration-ms="407" status="PASS">
          <reporter-output>
          </reporter-output>
        </test-method> <!-- tearDownClass -->
      </class> <!-- com.hackathonProject.runners.TestRunner -->
    </test> <!-- Default test -->
  </suite> <!-- Default suite -->
</testng-results>
