<?xml version="1.0" encoding="UTF-8"?>
<!-- Generated by org.testng.reporters.JUnitReportReporter -->
<testsuite hostname="LTIN665936" failures="0" tests="3" name="com.hackathonProject.runners.TestRunner" time="231.443" errors="0" timestamp="2026-05-19T12:02:14 IST" skipped="0">
  <testcase classname="com.hackathonProject.runners.TestRunner" name="runScenario" time="51.827"/>
  <testcase classname="com.hackathonProject.runners.TestRunner" name="runScenario" time="78.145"/>
  <testcase classname="com.hackathonProject.runners.TestRunner" name="runScenario" time="101.471"/>
</testsuite> <!-- com.hackathonProject.runners.TestRunner -->
