<?xml version="1.0" encoding="UTF-8"?>
<!-- Generated by org.testng.reporters.JUnitReportReporter -->
<testsuite hostname="LTIN666237" failures="0" tests="3" name="com.hackathonProject.runners.TestRunner" time="208.616" errors="0" timestamp="2026-05-19T13:41:06 IST" skipped="0">
  <testcase classname="com.hackathonProject.runners.TestRunner" name="runScenario" time="45.018"/>
  <testcase classname="com.hackathonProject.runners.TestRunner" name="runScenario" time="70.800"/>
  <testcase classname="com.hackathonProject.runners.TestRunner" name="runScenario" time="92.798"/>
</testsuite> <!-- com.hackathonProject.runners.TestRunner -->
