<?xml version="1.0" encoding="UTF-8"?>
<!-- Generated by org.testng.reporters.JUnitReportReporter -->
<testsuite hostname="LTIN666237" failures="0" tests="3" name="runners.TestRunner" time="499.250" errors="0" timestamp="2026-05-18T14:30:37 IST" skipped="0">
  <testcase classname="runners.TestRunner" name="runScenario" time="77.456"/>
  <testcase classname="runners.TestRunner" name="runScenario" time="265.818"/>
  <testcase classname="runners.TestRunner" name="runScenario" time="155.976"/>
</testsuite> <!-- runners.TestRunner -->
