<?xml version="1.0" encoding="UTF-8"?>
<!-- Generated by org.testng.reporters.JUnitReportReporter -->
<testsuite hostname="LTIN666237" failures="0" tests="3" name="com.hackathonProject.runners.TestRunner" time="226.855" errors="0" timestamp="2026-05-22T17:40:34 IST" skipped="0">
  <testcase classname="com.hackathonProject.runners.TestRunner" name="runScenario" time="96.882"/>
  <testcase classname="com.hackathonProject.runners.TestRunner" name="runScenario" time="46.962"/>
  <testcase classname="com.hackathonProject.runners.TestRunner" name="runScenario" time="83.011"/>
</testsuite> <!-- com.hackathonProject.runners.TestRunner -->
